--
-- PostgreSQL database dump
--

SET statement_timeout = 0;
SET client_encoding = 'UTF8';
SET standard_conforming_strings = on;
SET check_function_bodies = false;
SET client_min_messages = warning;

--
-- Name: plpgsql; Type: EXTENSION; Schema: -; Owner: 
--

CREATE EXTENSION IF NOT EXISTS plpgsql WITH SCHEMA pg_catalog;


--
-- Name: EXTENSION plpgsql; Type: COMMENT; Schema: -; Owner: 
--

COMMENT ON EXTENSION plpgsql IS 'PL/pgSQL procedural language';


SET search_path = public, pg_catalog;

SET default_tablespace = '';

SET default_with_oids = false;

--
-- Name: area; Type: TABLE; Schema: public; Owner: kylix; Tablespace: 
--

CREATE TABLE area (
    idarea integer NOT NULL,
    descripcion character varying(50) NOT NULL
);


ALTER TABLE public.area OWNER TO kylix;

--
-- Name: area_idarea_seq; Type: SEQUENCE; Schema: public; Owner: kylix
--

CREATE SEQUENCE area_idarea_seq
    START WITH 1
    INCREMENT BY 1
    NO MINVALUE
    NO MAXVALUE
    CACHE 1;


ALTER TABLE public.area_idarea_seq OWNER TO kylix;

--
-- Name: area_idarea_seq; Type: SEQUENCE OWNED BY; Schema: public; Owner: kylix
--

ALTER SEQUENCE area_idarea_seq OWNED BY area.idarea;


--
-- Name: computadora; Type: TABLE; Schema: public; Owner: kylix; Tablespace: 
--

CREATE TABLE computadora (
    idcomputadora character varying NOT NULL,
    idcpu integer NOT NULL,
    fechaalta character varying(10) NOT NULL,
    idmonitor integer NOT NULL,
    idnobreak integer NOT NULL,
    idempleado integer NOT NULL,
    idusuario integer NOT NULL
);


ALTER TABLE public.computadora OWNER TO kylix;

--
-- Name: computadora_idcomputadora_seq; Type: SEQUENCE; Schema: public; Owner: kylix
--

CREATE SEQUENCE computadora_idcomputadora_seq
    START WITH 1
    INCREMENT BY 1
    NO MINVALUE
    NO MAXVALUE
    CACHE 1;


ALTER TABLE public.computadora_idcomputadora_seq OWNER TO kylix;

--
-- Name: computadora_idcomputadora_seq; Type: SEQUENCE OWNED BY; Schema: public; Owner: kylix
--

ALTER SEQUENCE computadora_idcomputadora_seq OWNED BY computadora.idcomputadora;


--
-- Name: cpu; Type: TABLE; Schema: public; Owner: kylix; Tablespace: 
--

CREATE TABLE cpu (
    idcpu integer NOT NULL,
    serie character varying(45) NOT NULL,
    progresivo integer NOT NULL,
    obervacion character varying(500) NOT NULL,
    fechaalta character varying(10) NOT NULL,
    idubicacion integer NOT NULL,
    idempleado integer NOT NULL,
    idusuario integer NOT NULL,
    idestadoequipo integer NOT NULL,
    idtipocpu integer NOT NULL
);


ALTER TABLE public.cpu OWNER TO kylix;

--
-- Name: COLUMN cpu.idempleado; Type: COMMENT; Schema: public; Owner: kylix
--

COMMENT ON COLUMN cpu.idempleado IS 'Resguardante';


--
-- Name: COLUMN cpu.idusuario; Type: COMMENT; Schema: public; Owner: kylix
--

COMMENT ON COLUMN cpu.idusuario IS 'Usuario Alta';


--
-- Name: COLUMN cpu.idtipocpu; Type: COMMENT; Schema: public; Owner: kylix
--

COMMENT ON COLUMN cpu.idtipocpu IS 'CPU, NOBREAK, MONITOR, ETC..';


--
-- Name: cpu_idcpu_seq; Type: SEQUENCE; Schema: public; Owner: kylix
--

CREATE SEQUENCE cpu_idcpu_seq
    START WITH 1
    INCREMENT BY 1
    NO MINVALUE
    NO MAXVALUE
    CACHE 1;


ALTER TABLE public.cpu_idcpu_seq OWNER TO kylix;

--
-- Name: cpu_idcpu_seq; Type: SEQUENCE OWNED BY; Schema: public; Owner: kylix
--

ALTER SEQUENCE cpu_idcpu_seq OWNED BY cpu.idcpu;


--
-- Name: empleado; Type: TABLE; Schema: public; Owner: kylix; Tablespace: 
--

CREATE TABLE empleado (
    idempleado integer NOT NULL,
    activo boolean NOT NULL,
    apaterno character varying(50) NOT NULL,
    amaterno character varying(50) NOT NULL,
    nombre character varying(50) NOT NULL,
    fechaalta character varying(10) NOT NULL,
    fechanacimiento character varying(10) NOT NULL,
    idpuesto integer NOT NULL,
    idusuario integer NOT NULL
);


ALTER TABLE public.empleado OWNER TO kylix;

--
-- Name: COLUMN empleado.idusuario; Type: COMMENT; Schema: public; Owner: kylix
--

COMMENT ON COLUMN empleado.idusuario IS 'Usuario Alta';


--
-- Name: empleado_idempleado_seq; Type: SEQUENCE; Schema: public; Owner: kylix
--

CREATE SEQUENCE empleado_idempleado_seq
    START WITH 1
    INCREMENT BY 1
    NO MINVALUE
    NO MAXVALUE
    CACHE 1;


ALTER TABLE public.empleado_idempleado_seq OWNER TO kylix;

--
-- Name: empleado_idempleado_seq; Type: SEQUENCE OWNED BY; Schema: public; Owner: kylix
--

ALTER SEQUENCE empleado_idempleado_seq OWNED BY empleado.idempleado;


--
-- Name: estadoequipo; Type: TABLE; Schema: public; Owner: kylix; Tablespace: 
--

CREATE TABLE estadoequipo (
    idestadoequipo integer NOT NULL,
    descripcion character varying(100) NOT NULL
);


ALTER TABLE public.estadoequipo OWNER TO kylix;

--
-- Name: estadoequipo_idestadoequipo_seq; Type: SEQUENCE; Schema: public; Owner: kylix
--

CREATE SEQUENCE estadoequipo_idestadoequipo_seq
    START WITH 1
    INCREMENT BY 1
    NO MINVALUE
    NO MAXVALUE
    CACHE 1;


ALTER TABLE public.estadoequipo_idestadoequipo_seq OWNER TO kylix;

--
-- Name: estadoequipo_idestadoequipo_seq; Type: SEQUENCE OWNED BY; Schema: public; Owner: kylix
--

ALTER SEQUENCE estadoequipo_idestadoequipo_seq OWNED BY estadoequipo.idestadoequipo;


--
-- Name: monitor; Type: TABLE; Schema: public; Owner: kylix; Tablespace: 
--

CREATE TABLE monitor (
    idmonitor integer NOT NULL,
    serie character varying(45) NOT NULL,
    progresivo integer NOT NULL,
    observacion character varying(500) NOT NULL,
    fechaalta character varying(10) NOT NULL,
    idubicacion integer NOT NULL,
    idempleado integer NOT NULL,
    idusuario integer NOT NULL,
    idestadoequipo integer NOT NULL,
    idtipomonitor integer NOT NULL
);


ALTER TABLE public.monitor OWNER TO kylix;

--
-- Name: COLUMN monitor.idempleado; Type: COMMENT; Schema: public; Owner: kylix
--

COMMENT ON COLUMN monitor.idempleado IS 'Resguardante';


--
-- Name: COLUMN monitor.idusuario; Type: COMMENT; Schema: public; Owner: kylix
--

COMMENT ON COLUMN monitor.idusuario IS 'Usuario Alta';


--
-- Name: monitor_idmonitor_seq; Type: SEQUENCE; Schema: public; Owner: kylix
--

CREATE SEQUENCE monitor_idmonitor_seq
    START WITH 1
    INCREMENT BY 1
    NO MINVALUE
    NO MAXVALUE
    CACHE 1;


ALTER TABLE public.monitor_idmonitor_seq OWNER TO kylix;

--
-- Name: monitor_idmonitor_seq; Type: SEQUENCE OWNED BY; Schema: public; Owner: kylix
--

ALTER SEQUENCE monitor_idmonitor_seq OWNED BY monitor.idmonitor;


--
-- Name: nobreak; Type: TABLE; Schema: public; Owner: kylix; Tablespace: 
--

CREATE TABLE nobreak (
    idnobreak integer NOT NULL,
    serie character varying(45) NOT NULL,
    progresivo integer NOT NULL,
    observacion character varying(500) NOT NULL,
    fechaalta character varying(10) NOT NULL,
    idubicacion integer NOT NULL,
    idempleado integer NOT NULL,
    idusuario integer NOT NULL,
    idestadoequipo integer NOT NULL,
    idtiponobreak integer NOT NULL
);


ALTER TABLE public.nobreak OWNER TO kylix;

--
-- Name: COLUMN nobreak.idempleado; Type: COMMENT; Schema: public; Owner: kylix
--

COMMENT ON COLUMN nobreak.idempleado IS 'Resguardante';


--
-- Name: COLUMN nobreak.idusuario; Type: COMMENT; Schema: public; Owner: kylix
--

COMMENT ON COLUMN nobreak.idusuario IS 'Usuario alta';


--
-- Name: nobreak_idnobreak_seq; Type: SEQUENCE; Schema: public; Owner: kylix
--

CREATE SEQUENCE nobreak_idnobreak_seq
    START WITH 1
    INCREMENT BY 1
    NO MINVALUE
    NO MAXVALUE
    CACHE 1;


ALTER TABLE public.nobreak_idnobreak_seq OWNER TO kylix;

--
-- Name: nobreak_idnobreak_seq; Type: SEQUENCE OWNED BY; Schema: public; Owner: kylix
--

ALTER SEQUENCE nobreak_idnobreak_seq OWNED BY nobreak.idnobreak;


--
-- Name: puesto; Type: TABLE; Schema: public; Owner: kylix; Tablespace: 
--

CREATE TABLE puesto (
    idpuesto integer NOT NULL,
    descripcion character varying NOT NULL,
    idarea integer NOT NULL
);


ALTER TABLE public.puesto OWNER TO kylix;

--
-- Name: puesto_idpuesto_seq; Type: SEQUENCE; Schema: public; Owner: kylix
--

CREATE SEQUENCE puesto_idpuesto_seq
    START WITH 1
    INCREMENT BY 1
    NO MINVALUE
    NO MAXVALUE
    CACHE 1;


ALTER TABLE public.puesto_idpuesto_seq OWNER TO kylix;

--
-- Name: puesto_idpuesto_seq; Type: SEQUENCE OWNED BY; Schema: public; Owner: kylix
--

ALTER SEQUENCE puesto_idpuesto_seq OWNED BY puesto.idpuesto;


--
-- Name: tipocpu; Type: TABLE; Schema: public; Owner: kylix; Tablespace: 
--

CREATE TABLE tipocpu (
    idtipocpu integer NOT NULL,
    marca character varying(50) NOT NULL,
    modelo character varying(50) NOT NULL,
    observacion character varying(500) NOT NULL
);


ALTER TABLE public.tipocpu OWNER TO kylix;

--
-- Name: COLUMN tipocpu.idtipocpu; Type: COMMENT; Schema: public; Owner: kylix
--

COMMENT ON COLUMN tipocpu.idtipocpu IS 'CPU, NOBREAK, MONITOR, ETC..';


--
-- Name: tipocpu_idtipocpu_seq; Type: SEQUENCE; Schema: public; Owner: kylix
--

CREATE SEQUENCE tipocpu_idtipocpu_seq
    START WITH 1
    INCREMENT BY 1
    NO MINVALUE
    NO MAXVALUE
    CACHE 1;


ALTER TABLE public.tipocpu_idtipocpu_seq OWNER TO kylix;

--
-- Name: tipocpu_idtipocpu_seq; Type: SEQUENCE OWNED BY; Schema: public; Owner: kylix
--

ALTER SEQUENCE tipocpu_idtipocpu_seq OWNED BY tipocpu.idtipocpu;


--
-- Name: tipomonitor; Type: TABLE; Schema: public; Owner: kylix; Tablespace: 
--

CREATE TABLE tipomonitor (
    idtipomonitor integer NOT NULL,
    marca character varying(50) NOT NULL,
    modelo character varying(50) NOT NULL,
    observacion character varying(500) NOT NULL
);


ALTER TABLE public.tipomonitor OWNER TO kylix;

--
-- Name: tipomonitor_idtipomonitor_seq; Type: SEQUENCE; Schema: public; Owner: kylix
--

CREATE SEQUENCE tipomonitor_idtipomonitor_seq
    START WITH 1
    INCREMENT BY 1
    NO MINVALUE
    NO MAXVALUE
    CACHE 1;


ALTER TABLE public.tipomonitor_idtipomonitor_seq OWNER TO kylix;

--
-- Name: tipomonitor_idtipomonitor_seq; Type: SEQUENCE OWNED BY; Schema: public; Owner: kylix
--

ALTER SEQUENCE tipomonitor_idtipomonitor_seq OWNED BY tipomonitor.idtipomonitor;


--
-- Name: tiponobreak; Type: TABLE; Schema: public; Owner: kylix; Tablespace: 
--

CREATE TABLE tiponobreak (
    idtiponobreak integer NOT NULL,
    marca character varying(50) NOT NULL,
    modelo character varying(50) NOT NULL,
    observacion character varying(500) NOT NULL
);


ALTER TABLE public.tiponobreak OWNER TO kylix;

--
-- Name: tiponobreak_idtiponobreak_seq; Type: SEQUENCE; Schema: public; Owner: kylix
--

CREATE SEQUENCE tiponobreak_idtiponobreak_seq
    START WITH 1
    INCREMENT BY 1
    NO MINVALUE
    NO MAXVALUE
    CACHE 1;


ALTER TABLE public.tiponobreak_idtiponobreak_seq OWNER TO kylix;

--
-- Name: tiponobreak_idtiponobreak_seq; Type: SEQUENCE OWNED BY; Schema: public; Owner: kylix
--

ALTER SEQUENCE tiponobreak_idtiponobreak_seq OWNED BY tiponobreak.idtiponobreak;


--
-- Name: ubicacion; Type: TABLE; Schema: public; Owner: kylix; Tablespace: 
--

CREATE TABLE ubicacion (
    idubicacion integer NOT NULL,
    descripcion character varying(100) NOT NULL
);


ALTER TABLE public.ubicacion OWNER TO kylix;

--
-- Name: ubicacion_idubicacion_seq; Type: SEQUENCE; Schema: public; Owner: kylix
--

CREATE SEQUENCE ubicacion_idubicacion_seq
    START WITH 1
    INCREMENT BY 1
    NO MINVALUE
    NO MAXVALUE
    CACHE 1;


ALTER TABLE public.ubicacion_idubicacion_seq OWNER TO kylix;

--
-- Name: ubicacion_idubicacion_seq; Type: SEQUENCE OWNED BY; Schema: public; Owner: kylix
--

ALTER SEQUENCE ubicacion_idubicacion_seq OWNED BY ubicacion.idubicacion;


--
-- Name: usuario; Type: TABLE; Schema: public; Owner: kylix; Tablespace: 
--

CREATE TABLE usuario (
    idusuario integer NOT NULL,
    login character varying(30) NOT NULL,
    password character varying(100) NOT NULL,
    esadministrador boolean NOT NULL
);


ALTER TABLE public.usuario OWNER TO kylix;

--
-- Name: usuario_idusuario_seq; Type: SEQUENCE; Schema: public; Owner: kylix
--

CREATE SEQUENCE usuario_idusuario_seq
    START WITH 1
    INCREMENT BY 1
    NO MINVALUE
    NO MAXVALUE
    CACHE 1;


ALTER TABLE public.usuario_idusuario_seq OWNER TO kylix;

--
-- Name: usuario_idusuario_seq; Type: SEQUENCE OWNED BY; Schema: public; Owner: kylix
--

ALTER SEQUENCE usuario_idusuario_seq OWNED BY usuario.idusuario;


--
-- Name: idarea; Type: DEFAULT; Schema: public; Owner: kylix
--

ALTER TABLE ONLY area ALTER COLUMN idarea SET DEFAULT nextval('area_idarea_seq'::regclass);


--
-- Name: idcomputadora; Type: DEFAULT; Schema: public; Owner: kylix
--

ALTER TABLE ONLY computadora ALTER COLUMN idcomputadora SET DEFAULT nextval('computadora_idcomputadora_seq'::regclass);


--
-- Name: idcpu; Type: DEFAULT; Schema: public; Owner: kylix
--

ALTER TABLE ONLY cpu ALTER COLUMN idcpu SET DEFAULT nextval('cpu_idcpu_seq'::regclass);


--
-- Name: idempleado; Type: DEFAULT; Schema: public; Owner: kylix
--

ALTER TABLE ONLY empleado ALTER COLUMN idempleado SET DEFAULT nextval('empleado_idempleado_seq'::regclass);


--
-- Name: idestadoequipo; Type: DEFAULT; Schema: public; Owner: kylix
--

ALTER TABLE ONLY estadoequipo ALTER COLUMN idestadoequipo SET DEFAULT nextval('estadoequipo_idestadoequipo_seq'::regclass);


--
-- Name: idmonitor; Type: DEFAULT; Schema: public; Owner: kylix
--

ALTER TABLE ONLY monitor ALTER COLUMN idmonitor SET DEFAULT nextval('monitor_idmonitor_seq'::regclass);


--
-- Name: idnobreak; Type: DEFAULT; Schema: public; Owner: kylix
--

ALTER TABLE ONLY nobreak ALTER COLUMN idnobreak SET DEFAULT nextval('nobreak_idnobreak_seq'::regclass);


--
-- Name: idpuesto; Type: DEFAULT; Schema: public; Owner: kylix
--

ALTER TABLE ONLY puesto ALTER COLUMN idpuesto SET DEFAULT nextval('puesto_idpuesto_seq'::regclass);


--
-- Name: idtipocpu; Type: DEFAULT; Schema: public; Owner: kylix
--

ALTER TABLE ONLY tipocpu ALTER COLUMN idtipocpu SET DEFAULT nextval('tipocpu_idtipocpu_seq'::regclass);


--
-- Name: idtipomonitor; Type: DEFAULT; Schema: public; Owner: kylix
--

ALTER TABLE ONLY tipomonitor ALTER COLUMN idtipomonitor SET DEFAULT nextval('tipomonitor_idtipomonitor_seq'::regclass);


--
-- Name: idtiponobreak; Type: DEFAULT; Schema: public; Owner: kylix
--

ALTER TABLE ONLY tiponobreak ALTER COLUMN idtiponobreak SET DEFAULT nextval('tiponobreak_idtiponobreak_seq'::regclass);


--
-- Name: idubicacion; Type: DEFAULT; Schema: public; Owner: kylix
--

ALTER TABLE ONLY ubicacion ALTER COLUMN idubicacion SET DEFAULT nextval('ubicacion_idubicacion_seq'::regclass);


--
-- Name: idusuario; Type: DEFAULT; Schema: public; Owner: kylix
--

ALTER TABLE ONLY usuario ALTER COLUMN idusuario SET DEFAULT nextval('usuario_idusuario_seq'::regclass);


--
-- Data for Name: area; Type: TABLE DATA; Schema: public; Owner: kylix
--

COPY area (idarea, descripcion) FROM stdin;
1	Sistemas
2	Sistemas2
3	Sistemas3
4	Sistemas4
5	Sistemas5
9	ll
0	ll
10	ll
11	ll
12	ll
13	ll
14	XX
15	yy
16	zz
17	zz3
\.


--
-- Name: area_idarea_seq; Type: SEQUENCE SET; Schema: public; Owner: kylix
--

SELECT pg_catalog.setval('area_idarea_seq', 5, true);


--
-- Data for Name: computadora; Type: TABLE DATA; Schema: public; Owner: kylix
--

COPY computadora (idcomputadora, idcpu, fechaalta, idmonitor, idnobreak, idempleado, idusuario) FROM stdin;
\.


--
-- Name: computadora_idcomputadora_seq; Type: SEQUENCE SET; Schema: public; Owner: kylix
--

SELECT pg_catalog.setval('computadora_idcomputadora_seq', 1, false);


--
-- Data for Name: cpu; Type: TABLE DATA; Schema: public; Owner: kylix
--

COPY cpu (idcpu, serie, progresivo, obervacion, fechaalta, idubicacion, idempleado, idusuario, idestadoequipo, idtipocpu) FROM stdin;
\.


--
-- Name: cpu_idcpu_seq; Type: SEQUENCE SET; Schema: public; Owner: kylix
--

SELECT pg_catalog.setval('cpu_idcpu_seq', 1, false);


--
-- Data for Name: empleado; Type: TABLE DATA; Schema: public; Owner: kylix
--

COPY empleado (idempleado, activo, apaterno, amaterno, nombre, fechaalta, fechanacimiento, idpuesto, idusuario) FROM stdin;
\.


--
-- Name: empleado_idempleado_seq; Type: SEQUENCE SET; Schema: public; Owner: kylix
--

SELECT pg_catalog.setval('empleado_idempleado_seq', 1, false);


--
-- Data for Name: estadoequipo; Type: TABLE DATA; Schema: public; Owner: kylix
--

COPY estadoequipo (idestadoequipo, descripcion) FROM stdin;
\.


--
-- Name: estadoequipo_idestadoequipo_seq; Type: SEQUENCE SET; Schema: public; Owner: kylix
--

SELECT pg_catalog.setval('estadoequipo_idestadoequipo_seq', 1, false);


--
-- Data for Name: monitor; Type: TABLE DATA; Schema: public; Owner: kylix
--

COPY monitor (idmonitor, serie, progresivo, observacion, fechaalta, idubicacion, idempleado, idusuario, idestadoequipo, idtipomonitor) FROM stdin;
\.


--
-- Name: monitor_idmonitor_seq; Type: SEQUENCE SET; Schema: public; Owner: kylix
--

SELECT pg_catalog.setval('monitor_idmonitor_seq', 1, false);


--
-- Data for Name: nobreak; Type: TABLE DATA; Schema: public; Owner: kylix
--

COPY nobreak (idnobreak, serie, progresivo, observacion, fechaalta, idubicacion, idempleado, idusuario, idestadoequipo, idtiponobreak) FROM stdin;
\.


--
-- Name: nobreak_idnobreak_seq; Type: SEQUENCE SET; Schema: public; Owner: kylix
--

SELECT pg_catalog.setval('nobreak_idnobreak_seq', 1, false);


--
-- Data for Name: puesto; Type: TABLE DATA; Schema: public; Owner: kylix
--

COPY puesto (idpuesto, descripcion, idarea) FROM stdin;
\.


--
-- Name: puesto_idpuesto_seq; Type: SEQUENCE SET; Schema: public; Owner: kylix
--

SELECT pg_catalog.setval('puesto_idpuesto_seq', 1, false);


--
-- Data for Name: tipocpu; Type: TABLE DATA; Schema: public; Owner: kylix
--

COPY tipocpu (idtipocpu, marca, modelo, observacion) FROM stdin;
\.


--
-- Name: tipocpu_idtipocpu_seq; Type: SEQUENCE SET; Schema: public; Owner: kylix
--

SELECT pg_catalog.setval('tipocpu_idtipocpu_seq', 1, false);


--
-- Data for Name: tipomonitor; Type: TABLE DATA; Schema: public; Owner: kylix
--

COPY tipomonitor (idtipomonitor, marca, modelo, observacion) FROM stdin;
\.


--
-- Name: tipomonitor_idtipomonitor_seq; Type: SEQUENCE SET; Schema: public; Owner: kylix
--

SELECT pg_catalog.setval('tipomonitor_idtipomonitor_seq', 1, false);


--
-- Data for Name: tiponobreak; Type: TABLE DATA; Schema: public; Owner: kylix
--

COPY tiponobreak (idtiponobreak, marca, modelo, observacion) FROM stdin;
\.


--
-- Name: tiponobreak_idtiponobreak_seq; Type: SEQUENCE SET; Schema: public; Owner: kylix
--

SELECT pg_catalog.setval('tiponobreak_idtiponobreak_seq', 1, false);


--
-- Data for Name: ubicacion; Type: TABLE DATA; Schema: public; Owner: kylix
--

COPY ubicacion (idubicacion, descripcion) FROM stdin;
\.


--
-- Name: ubicacion_idubicacion_seq; Type: SEQUENCE SET; Schema: public; Owner: kylix
--

SELECT pg_catalog.setval('ubicacion_idubicacion_seq', 1, false);


--
-- Data for Name: usuario; Type: TABLE DATA; Schema: public; Owner: kylix
--

COPY usuario (idusuario, login, password, esadministrador) FROM stdin;
1	aromero	7694f4a66316e53c8cdd9d9954bd611d	t
\.


--
-- Name: usuario_idusuario_seq; Type: SEQUENCE SET; Schema: public; Owner: kylix
--

SELECT pg_catalog.setval('usuario_idusuario_seq', 1, true);


--
-- Name: area_pk; Type: CONSTRAINT; Schema: public; Owner: kylix; Tablespace: 
--

ALTER TABLE ONLY area
    ADD CONSTRAINT area_pk PRIMARY KEY (idarea);


--
-- Name: computadora_pk; Type: CONSTRAINT; Schema: public; Owner: kylix; Tablespace: 
--

ALTER TABLE ONLY computadora
    ADD CONSTRAINT computadora_pk PRIMARY KEY (idcomputadora);


--
-- Name: cpu_pk; Type: CONSTRAINT; Schema: public; Owner: kylix; Tablespace: 
--

ALTER TABLE ONLY cpu
    ADD CONSTRAINT cpu_pk PRIMARY KEY (idcpu);


--
-- Name: empleado_pk; Type: CONSTRAINT; Schema: public; Owner: kylix; Tablespace: 
--

ALTER TABLE ONLY empleado
    ADD CONSTRAINT empleado_pk PRIMARY KEY (idempleado);


--
-- Name: estadoequipo_pk; Type: CONSTRAINT; Schema: public; Owner: kylix; Tablespace: 
--

ALTER TABLE ONLY estadoequipo
    ADD CONSTRAINT estadoequipo_pk PRIMARY KEY (idestadoequipo);


--
-- Name: monitor_pk; Type: CONSTRAINT; Schema: public; Owner: kylix; Tablespace: 
--

ALTER TABLE ONLY monitor
    ADD CONSTRAINT monitor_pk PRIMARY KEY (idmonitor);


--
-- Name: nobreak_pk; Type: CONSTRAINT; Schema: public; Owner: kylix; Tablespace: 
--

ALTER TABLE ONLY nobreak
    ADD CONSTRAINT nobreak_pk PRIMARY KEY (idnobreak);


--
-- Name: puesto_pk; Type: CONSTRAINT; Schema: public; Owner: kylix; Tablespace: 
--

ALTER TABLE ONLY puesto
    ADD CONSTRAINT puesto_pk PRIMARY KEY (idpuesto);


--
-- Name: tipocpu_pk; Type: CONSTRAINT; Schema: public; Owner: kylix; Tablespace: 
--

ALTER TABLE ONLY tipocpu
    ADD CONSTRAINT tipocpu_pk PRIMARY KEY (idtipocpu);


--
-- Name: tipomonitor_pk; Type: CONSTRAINT; Schema: public; Owner: kylix; Tablespace: 
--

ALTER TABLE ONLY tipomonitor
    ADD CONSTRAINT tipomonitor_pk PRIMARY KEY (idtipomonitor);


--
-- Name: tiponobreak_pk; Type: CONSTRAINT; Schema: public; Owner: kylix; Tablespace: 
--

ALTER TABLE ONLY tiponobreak
    ADD CONSTRAINT tiponobreak_pk PRIMARY KEY (idtiponobreak);


--
-- Name: ubicacion_pk; Type: CONSTRAINT; Schema: public; Owner: kylix; Tablespace: 
--

ALTER TABLE ONLY ubicacion
    ADD CONSTRAINT ubicacion_pk PRIMARY KEY (idubicacion);


--
-- Name: usuario_pk; Type: CONSTRAINT; Schema: public; Owner: kylix; Tablespace: 
--

ALTER TABLE ONLY usuario
    ADD CONSTRAINT usuario_pk PRIMARY KEY (idusuario);


--
-- Name: area_puesto_fk; Type: FK CONSTRAINT; Schema: public; Owner: kylix
--

ALTER TABLE ONLY puesto
    ADD CONSTRAINT area_puesto_fk FOREIGN KEY (idarea) REFERENCES area(idarea) ON UPDATE CASCADE ON DELETE CASCADE;


--
-- Name: cpu_computadora_fk; Type: FK CONSTRAINT; Schema: public; Owner: kylix
--

ALTER TABLE ONLY computadora
    ADD CONSTRAINT cpu_computadora_fk FOREIGN KEY (idcpu) REFERENCES cpu(idcpu) ON UPDATE CASCADE ON DELETE CASCADE;


--
-- Name: empleado_computadora_fk; Type: FK CONSTRAINT; Schema: public; Owner: kylix
--

ALTER TABLE ONLY computadora
    ADD CONSTRAINT empleado_computadora_fk FOREIGN KEY (idempleado) REFERENCES empleado(idempleado) ON UPDATE CASCADE ON DELETE CASCADE;


--
-- Name: empleado_cpu_fk; Type: FK CONSTRAINT; Schema: public; Owner: kylix
--

ALTER TABLE ONLY cpu
    ADD CONSTRAINT empleado_cpu_fk FOREIGN KEY (idempleado) REFERENCES empleado(idempleado) ON UPDATE CASCADE ON DELETE CASCADE;


--
-- Name: empleado_monitor_fk; Type: FK CONSTRAINT; Schema: public; Owner: kylix
--

ALTER TABLE ONLY monitor
    ADD CONSTRAINT empleado_monitor_fk FOREIGN KEY (idempleado) REFERENCES empleado(idempleado);


--
-- Name: empleado_nobreak_fk; Type: FK CONSTRAINT; Schema: public; Owner: kylix
--

ALTER TABLE ONLY nobreak
    ADD CONSTRAINT empleado_nobreak_fk FOREIGN KEY (idempleado) REFERENCES empleado(idempleado) ON UPDATE CASCADE ON DELETE CASCADE;


--
-- Name: estadoequipo_cpu_fk; Type: FK CONSTRAINT; Schema: public; Owner: kylix
--

ALTER TABLE ONLY cpu
    ADD CONSTRAINT estadoequipo_cpu_fk FOREIGN KEY (idestadoequipo) REFERENCES estadoequipo(idestadoequipo) ON UPDATE CASCADE ON DELETE CASCADE;


--
-- Name: estadoequipo_monitor_fk; Type: FK CONSTRAINT; Schema: public; Owner: kylix
--

ALTER TABLE ONLY monitor
    ADD CONSTRAINT estadoequipo_monitor_fk FOREIGN KEY (idestadoequipo) REFERENCES estadoequipo(idestadoequipo);


--
-- Name: estadoequipo_nobreak_fk; Type: FK CONSTRAINT; Schema: public; Owner: kylix
--

ALTER TABLE ONLY nobreak
    ADD CONSTRAINT estadoequipo_nobreak_fk FOREIGN KEY (idestadoequipo) REFERENCES estadoequipo(idestadoequipo) ON UPDATE CASCADE ON DELETE CASCADE;


--
-- Name: monitor_computadora_fk; Type: FK CONSTRAINT; Schema: public; Owner: kylix
--

ALTER TABLE ONLY computadora
    ADD CONSTRAINT monitor_computadora_fk FOREIGN KEY (idmonitor) REFERENCES monitor(idmonitor) ON UPDATE CASCADE ON DELETE CASCADE;


--
-- Name: nobreak_computadora_fk; Type: FK CONSTRAINT; Schema: public; Owner: kylix
--

ALTER TABLE ONLY computadora
    ADD CONSTRAINT nobreak_computadora_fk FOREIGN KEY (idnobreak) REFERENCES nobreak(idnobreak) ON UPDATE CASCADE ON DELETE CASCADE;


--
-- Name: puesto_empleado_fk; Type: FK CONSTRAINT; Schema: public; Owner: kylix
--

ALTER TABLE ONLY empleado
    ADD CONSTRAINT puesto_empleado_fk FOREIGN KEY (idpuesto) REFERENCES puesto(idpuesto) ON UPDATE CASCADE ON DELETE CASCADE;


--
-- Name: tipocpu_cpu_fk; Type: FK CONSTRAINT; Schema: public; Owner: kylix
--

ALTER TABLE ONLY cpu
    ADD CONSTRAINT tipocpu_cpu_fk FOREIGN KEY (idtipocpu) REFERENCES tipocpu(idtipocpu) ON UPDATE CASCADE ON DELETE CASCADE;


--
-- Name: tipomonitor_monitor_fk; Type: FK CONSTRAINT; Schema: public; Owner: kylix
--

ALTER TABLE ONLY monitor
    ADD CONSTRAINT tipomonitor_monitor_fk FOREIGN KEY (idtipomonitor) REFERENCES tipomonitor(idtipomonitor) ON UPDATE CASCADE ON DELETE CASCADE;


--
-- Name: tiponobreak_nobreak_fk; Type: FK CONSTRAINT; Schema: public; Owner: kylix
--

ALTER TABLE ONLY nobreak
    ADD CONSTRAINT tiponobreak_nobreak_fk FOREIGN KEY (idtiponobreak) REFERENCES tiponobreak(idtiponobreak) ON UPDATE CASCADE ON DELETE CASCADE;


--
-- Name: ubicacion_cpu_fk; Type: FK CONSTRAINT; Schema: public; Owner: kylix
--

ALTER TABLE ONLY cpu
    ADD CONSTRAINT ubicacion_cpu_fk FOREIGN KEY (idubicacion) REFERENCES ubicacion(idubicacion) ON UPDATE CASCADE ON DELETE CASCADE;


--
-- Name: ubicacion_monitor_fk; Type: FK CONSTRAINT; Schema: public; Owner: kylix
--

ALTER TABLE ONLY monitor
    ADD CONSTRAINT ubicacion_monitor_fk FOREIGN KEY (idubicacion) REFERENCES ubicacion(idubicacion) ON UPDATE CASCADE ON DELETE CASCADE;


--
-- Name: ubicacion_nobreak_fk; Type: FK CONSTRAINT; Schema: public; Owner: kylix
--

ALTER TABLE ONLY nobreak
    ADD CONSTRAINT ubicacion_nobreak_fk FOREIGN KEY (idubicacion) REFERENCES ubicacion(idubicacion) ON UPDATE CASCADE ON DELETE CASCADE;


--
-- Name: usuario_computadora_fk; Type: FK CONSTRAINT; Schema: public; Owner: kylix
--

ALTER TABLE ONLY computadora
    ADD CONSTRAINT usuario_computadora_fk FOREIGN KEY (idusuario) REFERENCES usuario(idusuario) ON UPDATE CASCADE ON DELETE CASCADE;


--
-- Name: usuario_cpu_fk; Type: FK CONSTRAINT; Schema: public; Owner: kylix
--

ALTER TABLE ONLY cpu
    ADD CONSTRAINT usuario_cpu_fk FOREIGN KEY (idusuario) REFERENCES usuario(idusuario) ON UPDATE CASCADE ON DELETE CASCADE;


--
-- Name: usuario_empleado_fk; Type: FK CONSTRAINT; Schema: public; Owner: kylix
--

ALTER TABLE ONLY empleado
    ADD CONSTRAINT usuario_empleado_fk FOREIGN KEY (idusuario) REFERENCES usuario(idusuario) ON UPDATE CASCADE ON DELETE CASCADE;


--
-- Name: usuario_monitor_fk; Type: FK CONSTRAINT; Schema: public; Owner: kylix
--

ALTER TABLE ONLY monitor
    ADD CONSTRAINT usuario_monitor_fk FOREIGN KEY (idusuario) REFERENCES usuario(idusuario);


--
-- Name: usuario_nobreak_fk; Type: FK CONSTRAINT; Schema: public; Owner: kylix
--

ALTER TABLE ONLY nobreak
    ADD CONSTRAINT usuario_nobreak_fk FOREIGN KEY (idusuario) REFERENCES usuario(idusuario) ON UPDATE CASCADE ON DELETE CASCADE;


--
-- Name: public; Type: ACL; Schema: -; Owner: postgres
--

REVOKE ALL ON SCHEMA public FROM PUBLIC;
REVOKE ALL ON SCHEMA public FROM postgres;
GRANT ALL ON SCHEMA public TO postgres;
GRANT ALL ON SCHEMA public TO PUBLIC;


--
-- PostgreSQL database dump complete
--

